<?xml version="1.0" encoding="UTF-8"?>
<testng-results ignored="0" total="1" passed="1" failed="0" skipped="0">
  <reporter-output>
  </reporter-output>
  <suite started-at="2024-03-21T07:54:14 GMT+02:00" name="Default suite" finished-at="2024-03-21T07:54:55 GMT+02:00" duration-ms="40680">
    <groups>
    </groups>
    <test started-at="2024-03-21T07:54:14 GMT+02:00" name="Default test" finished-at="2024-03-21T07:54:55 GMT+02:00" duration-ms="40680">
      <class name="testngproj.testngproj.FurnitureSite">
        <test-method is-config="true" signature="preTest()[pri:0, instance:testngproj.testngproj.FurnitureSite@771a660]" started-at="2024-03-21T07:54:14 GMT+02:00" name="preTest" finished-at="2024-03-21T07:54:17 GMT+02:00" duration-ms="2801" status="PASS">
          <reporter-output>
          </reporter-output>
        </test-method> <!-- preTest -->
        <test-method signature="Test4()[pri:0, instance:testngproj.testngproj.FurnitureSite@771a660]" started-at="2024-03-21T07:54:17 GMT+02:00" name="Test4" finished-at="2024-03-21T07:54:55 GMT+02:00" duration-ms="37838" status="PASS">
          <reporter-output>
          </reporter-output>
        </test-method> <!-- Test4 -->
      </class> <!-- testngproj.testngproj.FurnitureSite -->
    </test> <!-- Default test -->
  </suite> <!-- Default suite -->
</testng-results>
